This is pdfTeX, Version 3.14159265-2.6-1.40.17 (TeX Live 2016) (preloaded format=pdflatex 2016.5.22)  1 AUG 2017 09:42
entering extended mode
 restricted \write18 enabled.
 file:line:error style messages enabled.
 %&-line parsing enabled.
**GWAS-report.tex
(./GWAS-report.tex
LaTeX2e <2016/03/31>
Babel <3.9r> and hyphenation patterns for 83 language(s) loaded.
(/usr/local/texlive/2016/texmf-dist/tex/latex/base/article.cls
Document Class: article 2014/09/29 v1.4h Standard LaTeX document class
(/usr/local/texlive/2016/texmf-dist/tex/latex/base/size10.clo
File: size10.clo 2014/09/29 v1.4h Standard LaTeX file (size option)
)
\c@part=\count79
\c@section=\count80
\c@subsection=\count81
\c@subsubsection=\count82
\c@paragraph=\count83
\c@subparagraph=\count84
\c@figure=\count85
\c@table=\count86
\abovecaptionskip=\skip41
\belowcaptionskip=\skip42
\bibindent=\dimen102
)
(/usr/local/texlive/2016/texmf-dist/tex/latex/geometry/geometry.sty
Package: geometry 2010/09/12 v5.6 Page Geometry

(/usr/local/texlive/2016/texmf-dist/tex/latex/graphics/keyval.sty
Package: keyval 2014/10/28 v1.15 key=value parser (DPC)
\KV@toks@=\toks14
)
(/usr/local/texlive/2016/texmf-dist/tex/generic/oberdiek/ifpdf.sty
Package: ifpdf 2016/05/14 v3.1 Provides the ifpdf switch
)
(/usr/local/texlive/2016/texmf-dist/tex/generic/oberdiek/ifvtex.sty
Package: ifvtex 2016/05/16 v1.6 Detect VTeX and its facilities (HO)
Package ifvtex Info: VTeX not detected.
)
(/usr/local/texlive/2016/texmf-dist/tex/generic/ifxetex/ifxetex.sty
Package: ifxetex 2010/09/12 v0.6 Provides ifxetex conditional
)
\Gm@cnth=\count87
\Gm@cntv=\count88
\c@Gm@tempcnt=\count89
\Gm@bindingoffset=\dimen103
\Gm@wd@mp=\dimen104
\Gm@odd@mp=\dimen105
\Gm@even@mp=\dimen106
\Gm@layoutwidth=\dimen107
\Gm@layoutheight=\dimen108
\Gm@layouthoffset=\dimen109
\Gm@layoutvoffset=\dimen110
\Gm@dimlist=\toks15
)
(/usr/local/texlive/2016/texmf-dist/tex/latex/graphics/graphicx.sty
Package: graphicx 2014/10/28 v1.0g Enhanced LaTeX Graphics (DPC,SPQR)

(/usr/local/texlive/2016/texmf-dist/tex/latex/graphics/graphics.sty
Package: graphics 2016/05/09 v1.0r Standard LaTeX Graphics (DPC,SPQR)

(/usr/local/texlive/2016/texmf-dist/tex/latex/graphics/trig.sty
Package: trig 2016/01/03 v1.10 sin cos tan (DPC)
)
(/usr/local/texlive/2016/texmf-dist/tex/latex/graphics-cfg/graphics.cfg
File: graphics.cfg 2016/01/02 v1.10 sample graphics configuration
)
Package graphics Info: Driver file: pdftex.def on input line 96.

(/usr/local/texlive/2016/texmf-dist/tex/latex/pdftex-def/pdftex.def
File: pdftex.def 2011/05/27 v0.06d Graphics/color for pdfTeX

(/usr/local/texlive/2016/texmf-dist/tex/generic/oberdiek/infwarerr.sty
Package: infwarerr 2016/05/16 v1.4 Providing info/warning/error messages (HO)
)
(/usr/local/texlive/2016/texmf-dist/tex/generic/oberdiek/ltxcmds.sty
Package: ltxcmds 2016/05/16 v1.23 LaTeX kernel commands for general use (HO)
)
\Gread@gobject=\count90
))
\Gin@req@height=\dimen111
\Gin@req@width=\dimen112
)
(/usr/local/texlive/2016/texmf-dist/tex/latex/caption/caption.sty
Package: caption 2016/02/21 v3.3-144 Customizing captions (AR)

(/usr/local/texlive/2016/texmf-dist/tex/latex/caption/caption3.sty
Package: caption3 2016/02/04 v1.7-139 caption3 kernel (AR)
Package caption3 Info: TeX engine: e-TeX on input line 67.
\captionmargin=\dimen113
\captionmargin@=\dimen114
\captionwidth=\dimen115
\caption@tempdima=\dimen116
\caption@indent=\dimen117
\caption@parindent=\dimen118
\caption@hangindent=\dimen119
)
\c@ContinuedFloat=\count91
)
(/usr/local/texlive/2016/texmf-dist/tex/latex/caption/subcaption.sty
Package: subcaption 2016/02/20 v1.1-142 Sub-captions (AR)
\c@subfigure=\count92
\c@subtable=\count93
)
(./GWAS-report.aux)
\openout1 = `GWAS-report.aux'.

LaTeX Font Info:    Checking defaults for OML/cmm/m/it on input line 7.
LaTeX Font Info:    ... okay on input line 7.
LaTeX Font Info:    Checking defaults for T1/cmr/m/n on input line 7.
LaTeX Font Info:    ... okay on input line 7.
LaTeX Font Info:    Checking defaults for OT1/cmr/m/n on input line 7.
LaTeX Font Info:    ... okay on input line 7.
LaTeX Font Info:    Checking defaults for OMS/cmsy/m/n on input line 7.
LaTeX Font Info:    ... okay on input line 7.
LaTeX Font Info:    Checking defaults for OMX/cmex/m/n on input line 7.
LaTeX Font Info:    ... okay on input line 7.
LaTeX Font Info:    Checking defaults for U/cmr/m/n on input line 7.
LaTeX Font Info:    ... okay on input line 7.

*geometry* driver: auto-detecting
*geometry* detected driver: pdftex
*geometry* verbose mode - [ preamble ] result:
* driver: pdftex
* paper: <default>
* layout: <same size as paper>
* layoutoffset:(h,v)=(0.0pt,0.0pt)
* modes: 
* h-part:(L,W,R)=(86.72377pt, 440.84746pt, 86.72377pt)
* v-part:(T,H,B)=(86.72377pt, 621.52245pt, 86.72377pt)
* \paperwidth=614.295pt
* \paperheight=794.96999pt
* \textwidth=440.84746pt
* \textheight=621.52245pt
* \oddsidemargin=14.45378pt
* \evensidemargin=14.45378pt
* \topmargin=-22.54622pt
* \headheight=12.0pt
* \headsep=25.0pt
* \topskip=10.0pt
* \footskip=30.0pt
* \marginparwidth=65.0pt
* \marginparsep=11.0pt
* \columnsep=10.0pt
* \skip\footins=9.0pt plus 4.0pt minus 2.0pt
* \hoffset=0.0pt
* \voffset=0.0pt
* \mag=1000
* \@twocolumnfalse
* \@twosidefalse
* \@mparswitchfalse
* \@reversemarginfalse
* (1in=72.27pt=25.4mm, 1cm=28.453pt)

(/usr/local/texlive/2016/texmf-dist/tex/context/base/mkii/supp-pdf.mkii
[Loading MPS to PDF converter (version 2006.09.02).]
\scratchcounter=\count94
\scratchdimen=\dimen120
\scratchbox=\box26
\nofMPsegments=\count95
\nofMParguments=\count96
\everyMPshowfont=\toks16
\MPscratchCnt=\count97
\MPscratchDim=\dimen121
\MPnumerator=\count98
\makeMPintoPDFobject=\count99
\everyMPtoPDFconversion=\toks17
) (/usr/local/texlive/2016/texmf-dist/tex/generic/oberdiek/pdftexcmds.sty
Package: pdftexcmds 2016/05/10 v0.21 Utility functions of pdfTeX for LuaTeX (HO
)

(/usr/local/texlive/2016/texmf-dist/tex/generic/oberdiek/ifluatex.sty
Package: ifluatex 2016/05/16 v1.4 Provides the ifluatex switch (HO)
Package ifluatex Info: LuaTeX not detected.
)
Package pdftexcmds Info: LuaTeX not detected.
Package pdftexcmds Info: \pdf@primitive is available.
Package pdftexcmds Info: \pdf@ifprimitive is available.
Package pdftexcmds Info: \pdfdraftmode found.
)
(/usr/local/texlive/2016/texmf-dist/tex/latex/oberdiek/epstopdf-base.sty
Package: epstopdf-base 2016/05/15 v2.6 Base part for package epstopdf

(/usr/local/texlive/2016/texmf-dist/tex/latex/oberdiek/grfext.sty
Package: grfext 2016/05/16 v1.2 Manage graphics extensions (HO)

(/usr/local/texlive/2016/texmf-dist/tex/generic/oberdiek/kvdefinekeys.sty
Package: kvdefinekeys 2016/05/16 v1.4 Define keys (HO)
))
(/usr/local/texlive/2016/texmf-dist/tex/latex/oberdiek/kvoptions.sty
Package: kvoptions 2016/05/16 v3.12 Key value format for package options (HO)

(/usr/local/texlive/2016/texmf-dist/tex/generic/oberdiek/kvsetkeys.sty
Package: kvsetkeys 2016/05/16 v1.17 Key value parser (HO)

(/usr/local/texlive/2016/texmf-dist/tex/generic/oberdiek/etexcmds.sty
Package: etexcmds 2016/05/16 v1.6 Avoid name clashes with e-TeX commands (HO)
Package etexcmds Info: Could not find \expanded.
(etexcmds)             That can mean that you are not using pdfTeX 1.50 or
(etexcmds)             that some package has redefined \expanded.
(etexcmds)             In the latter case, load this package earlier.
)))
Package grfext Info: Graphics extension search list:
(grfext)             [.png,.pdf,.jpg,.mps,.jpeg,.jbig2,.jb2,.PNG,.PDF,.JPG,.JPE
G,.JBIG2,.JB2,.eps]
(grfext)             \AppendGraphicsExtensions on input line 456.

(/usr/local/texlive/2016/texmf-dist/tex/latex/latexconfig/epstopdf-sys.cfg
File: epstopdf-sys.cfg 2010/07/13 v1.3 Configuration of (r)epstopdf for TeX Liv
e
))
Package caption Info: Begin \AtBeginDocument code.
Package caption Info: End \AtBeginDocument code.
LaTeX Font Info:    Try loading font information for OMS+cmr on input line 14.

(/usr/local/texlive/2016/texmf-dist/tex/latex/base/omscmr.fd
File: omscmr.fd 2014/09/29 v2.5h Standard LaTeX font definitions
)
LaTeX Font Info:    Font shape `OMS/cmr/m/n' in size <10> not available
(Font)              Font shape `OMS/cmsy/m/n' tried instead on input line 14.

<hist_dte.jpeg, id=1, 522.95375pt x 610.28pt>
File: hist_dte.jpeg Graphic file (type jpg)
 <use hist_dte.jpeg>
Package pdftex.def Info: hist_dte.jpeg used on input line 33.
(pdftex.def)             Requested size: 183.03654pt x 213.6012pt.

<hist_gdd.jpeg, id=2, 522.95375pt x 610.28pt>
File: hist_gdd.jpeg Graphic file (type jpg)
 <use hist_gdd.jpeg>
Package pdftex.def Info: hist_gdd.jpeg used on input line 34.
(pdftex.def)             Requested size: 183.03654pt x 213.6012pt.

<mplot_cc_dte.jpeg, id=3, 781.92125pt x 556.0775pt>
File: mplot_cc_dte.jpeg Graphic file (type jpg)
 <use mplot_cc_dte.jpeg>
Package pdftex.def Info: mplot_cc_dte.jpeg used on input line 46.
(pdftex.def)             Requested size: 195.47983pt x 139.01903pt.

<mplot_cc_gdd.jpeg, id=4, 781.92125pt x 556.0775pt>
File: mplot_cc_gdd.jpeg Graphic file (type jpg)
 <use mplot_cc_gdd.jpeg>
Package pdftex.def Info: mplot_cc_gdd.jpeg used on input line 47.
(pdftex.def)             Requested size: 195.47983pt x 139.01903pt.
LaTeX Font Info:    External font `cmex10' loaded for size
(Font)              <7> on input line 50.
LaTeX Font Info:    External font `cmex10' loaded for size
(Font)              <5> on input line 50.

<mplot_qassoc_dte.jpeg, id=5, 723.70375pt x 590.205pt>
File: mplot_qassoc_dte.jpeg Graphic file (type jpg)

<use mplot_qassoc_dte.jpeg>
Package pdftex.def Info: mplot_qassoc_dte.jpeg used on input line 54.
(pdftex.def)             Requested size: 180.92549pt x 147.55089pt.

<mplot_qassoc_gdd.jpeg, id=6, 784.9325pt x 615.29875pt>
File: mplot_qassoc_gdd.jpeg Graphic file (type jpg)

<use mplot_qassoc_gdd.jpeg>
Package pdftex.def Info: mplot_qassoc_gdd.jpeg used on input line 55.
(pdftex.def)             Requested size: 196.23264pt x 153.82431pt.

Overfull \hbox (25.31764pt too wide) in paragraph at lines 68--85
 [][] 
 []


LaTeX Warning: `!h' float specifier changed to `!ht'.


Overfull \hbox (25.31764pt too wide) in paragraph at lines 94--111
 [][] 
 []

[1

{/usr/local/texlive/2016/texmf-var/fonts/map/pdftex/updmap/pdftex.map}]

LaTeX Warning: `!h' float specifier changed to `!ht'.


LaTeX Warning: `!h' float specifier changed to `!ht'.

[2 <./hist_dte.jpeg> <./hist_gdd.jpeg>]
<qqplot_cc_dte.jpeg, id=21, 781.92125pt x 556.0775pt>
File: qqplot_cc_dte.jpeg Graphic file (type jpg)
 <use qqplot_cc_dte.jpeg>
Package pdftex.def Info: qqplot_cc_dte.jpeg used on input line 185.
(pdftex.def)             Requested size: 195.47983pt x 139.01903pt.

<qqplot_cc_gdd.jpeg, id=22, 781.92125pt x 556.0775pt>
File: qqplot_cc_gdd.jpeg Graphic file (type jpg)
 <use qqplot_cc_gdd.jpeg>
Package pdftex.def Info: qqplot_cc_gdd.jpeg used on input line 186.
(pdftex.def)             Requested size: 195.47983pt x 139.01903pt.

<qqplot_qassoc_dte.jpeg, id=23, 781.92125pt x 556.0775pt>
File: qqplot_qassoc_dte.jpeg Graphic file (type jpg)

<use qqplot_qassoc_dte.jpeg>
Package pdftex.def Info: qqplot_qassoc_dte.jpeg used on input line 193.
(pdftex.def)             Requested size: 195.47983pt x 139.01903pt.

<qqplot_qassoc_gdd.jpeg, id=24, 781.92125pt x 556.0775pt>
File: qqplot_qassoc_gdd.jpeg Graphic file (type jpg)

<use qqplot_qassoc_gdd.jpeg>
Package pdftex.def Info: qqplot_qassoc_gdd.jpeg used on input line 194.
(pdftex.def)             Requested size: 195.47983pt x 139.01903pt.
 [3 <./mplot_cc_dte.jpeg> <./mplot_cc_gdd.jpeg> <./mplot_qassoc_dte.jpeg> <./mp
lot_qassoc_gdd.jpeg>] [4 <./qqplot_cc_dte.jpeg> <./qqplot_cc_gdd.jpeg> <./qqplo
t_qassoc_dte.jpeg> <./qqplot_qassoc_gdd.jpeg>]
<FaST_LMM_DTE.png, id=32, 462.528pt x 346.896pt>
File: FaST_LMM_DTE.png Graphic file (type png)
 <use FaST_LMM_DTE.png>
Package pdftex.def Info: FaST_LMM_DTE.png used on input line 214.
(pdftex.def)             Requested size: 208.13567pt x 156.10175pt.

<FaST_LMM_GDD.png, id=34, 462.528pt x 346.896pt>
File: FaST_LMM_GDD.png Graphic file (type png)
 <use FaST_LMM_GDD.png>
Package pdftex.def Info: FaST_LMM_GDD.png used on input line 215.
(pdftex.def)             Requested size: 208.13567pt x 156.10175pt.

<FaST-LMM_DTE_ncov.png, id=35, 462.528pt x 346.896pt>
File: FaST-LMM_DTE_ncov.png Graphic file (type png)

<use FaST-LMM_DTE_ncov.png>
Package pdftex.def Info: FaST-LMM_DTE_ncov.png used on input line 222.
(pdftex.def)             Requested size: 208.13567pt x 156.10175pt.

<FaST-LMM_GDD_ncov.png, id=36, 462.528pt x 346.896pt>
File: FaST-LMM_GDD_ncov.png Graphic file (type png)

<use FaST-LMM_GDD_ncov.png>
Package pdftex.def Info: FaST-LMM_GDD_ncov.png used on input line 223.
(pdftex.def)             Requested size: 208.13567pt x 156.10175pt.

<qqplot_fastlmm_dte_wcov.png, id=37, 781.92125pt x 556.0775pt>
File: qqplot_fastlmm_dte_wcov.png Graphic file (type png)

<use qqplot_fastlmm_dte_wcov.png>
Package pdftex.def Info: qqplot_fastlmm_dte_wcov.png used on input line 237.
(pdftex.def)             Requested size: 195.47983pt x 139.01903pt.

<qqplot_fastlmm_gdd_wcov.png, id=38, 781.92125pt x 556.0775pt>
File: qqplot_fastlmm_gdd_wcov.png Graphic file (type png)

<use qqplot_fastlmm_gdd_wcov.png>
Package pdftex.def Info: qqplot_fastlmm_gdd_wcov.png used on input line 238.
(pdftex.def)             Requested size: 195.47983pt x 139.01903pt.

<qqplot_fastlmm_dte.jpeg, id=39, 781.92125pt x 556.0775pt>
File: qqplot_fastlmm_dte.jpeg Graphic file (type jpg)

<use qqplot_fastlmm_dte.jpeg>
Package pdftex.def Info: qqplot_fastlmm_dte.jpeg used on input line 245.
(pdftex.def)             Requested size: 195.47983pt x 139.01903pt.

<qqplot_fastlmm_gdd.jpeg, id=40, 781.92125pt x 556.0775pt>
File: qqplot_fastlmm_gdd.jpeg Graphic file (type jpg)

<use qqplot_fastlmm_gdd.jpeg>
Package pdftex.def Info: qqplot_fastlmm_gdd.jpeg used on input line 246.
(pdftex.def)             Requested size: 195.47983pt x 139.01903pt.
 [5 <./FaST_LMM_DTE.png> <./FaST_LMM_GDD.png> <./FaST-LMM_DTE_ncov.png> <./FaST
-LMM_GDD_ncov.png>] [6 <./qqplot_fastlmm_dte_wcov.png> <./qqplot_fastlmm_gdd_wc
ov.png> <./qqplot_fastlmm_dte.jpeg> <./qqplot_fastlmm_gdd.jpeg>] (./GWAS-report
.aux) ) 
Here is how much of TeX's memory you used:
 3202 strings out of 493014
 51403 string characters out of 6133351
 130444 words of memory out of 5000000
 6720 multiletter control sequences out of 15000+600000
 4890 words of font info for 18 fonts, out of 8000000 for 9000
 1141 hyphenation exceptions out of 8191
 38i,11n,39p,900b,438s stack positions out of 5000i,500n,10000p,200000b,80000s
</usr/local/texlive/2016/texmf-dist/fonts/type1/public/amsfonts/cm/cmbx1
2.pfb></usr/local/texlive/2016/texmf-dist/fonts/type1/public/amsfonts/cm/cmmi10
.pfb></usr/local/texlive/2016/texmf-dist/fonts/type1/public/amsfonts/cm/cmr10.p
fb></usr/local/texlive/2016/texmf-dist/fonts/type1/public/amsfonts/cm/cmr7.pfb>
</usr/local/texlive/2016/texmf-dist/fonts/type1/public/amsfonts/cm/cmr9.pfb></u
sr/local/texlive/2016/texmf-dist/fonts/type1/public/amsfonts/cm/cmsy10.pfb></us
r/local/texlive/2016/texmf-dist/fonts/type1/public/amsfonts/cm/cmti10.pfb>
Output written on GWAS-report.pdf (6 pages, 2436214 bytes).
PDF statistics:
 76 PDF objects out of 1000 (max. 8388607)
 36 compressed objects within 1 object stream
 0 named destinations out of 1000 (max. 500000)
 91 words of extra memory for PDF output out of 10000 (max. 10000000)

